<?xml version="1.0" encoding="UTF-8"?>
<testng-results ignored="0" total="1" passed="1" failed="0" skipped="0">
  <reporter-output>
  </reporter-output>
  <suite started-at="2024-06-07T15:36:09 IST" name="Default suite" finished-at="2024-06-07T15:36:09 IST" duration-ms="64">
    <groups>
    </groups>
    <test started-at="2024-06-07T15:36:09 IST" name="Default test" finished-at="2024-06-07T15:36:09 IST" duration-ms="64">
      <class name="qwerty.MainTest">
        <test-method signature="mTest()[pri:0, instance:qwerty.MainTest@3e27aa33]" started-at="2024-06-07T15:36:09 IST" name="mTest" finished-at="2024-06-07T15:36:09 IST" duration-ms="13" status="PASS">
          <reporter-output>
          </reporter-output>
        </test-method> <!-- mTest -->
      </class> <!-- qwerty.MainTest -->
    </test> <!-- Default test -->
  </suite> <!-- Default suite -->
</testng-results>
